{
"contracts/FundMe.sol":{"l":{"25":3,"26":3,"45":1,"46":1,"52":4,"57":3,"58":3,"62":1,"63":1,"67":1,"76":1,"79":1},"path":"/root/practicefolder/hardhat-fund-me-2/contracts/FundMe.sol","s":{"1":1,"2":4,"3":3,"4":1,"5":1,"6":1},"b":{"1":[0,1],"2":[3,1],"3":[1,0],"4":[1,0]},"f":{"1":3,"2":1,"3":4,"4":1},"fnMap":{"1":{"name":"constructor","line":24,"loc":{"start":{"line":24,"column":4},"end":{"line":27,"column":4}}},"2":{"name":"onlyOwner","line":43,"loc":{"start":{"line":43,"column":4},"end":{"line":47,"column":4}}},"3":{"name":"fund","line":49,"loc":{"start":{"line":49,"column":4},"end":{"line":59,"column":4}}},"4":{"name":"withdraw","line":61,"loc":{"start":{"line":61,"column":4},"end":{"line":80,"column":4}}}},"statementMap":{"1":{"start":{"line":45,"column":8},"end":{"line":45,"column":60}},"2":{"start":{"line":52,"column":8},"end":{"line":52,"column":1686}},"3":{"start":{"line":57,"column":8},"end":{"line":57,"column":31}},"4":{"start":{"line":62,"column":8},"end":{"line":62,"column":2015}},"5":{"start":{"line":76,"column":8},"end":{"line":76,"column":2607}},"6":{"start":{"line":79,"column":8},"end":{"line":79,"column":46}}},"branchMap":{"1":{"line":45,"type":"if","locations":[{"start":{"line":45,"column":8},"end":{"line":45,"column":8}},{"start":{"line":45,"column":8},"end":{"line":45,"column":8}}]},"2":{"line":52,"type":"if","locations":[{"start":{"line":52,"column":8},"end":{"line":52,"column":8}},{"start":{"line":52,"column":8},"end":{"line":52,"column":8}}]},"3":{"line":61,"type":"if","locations":[{"start":{"line":61,"column":31},"end":{"line":61,"column":31}},{"start":{"line":61,"column":31},"end":{"line":61,"column":31}}]},"4":{"line":79,"type":"if","locations":[{"start":{"line":79,"column":8},"end":{"line":79,"column":8}},{"start":{"line":79,"column":8},"end":{"line":79,"column":8}}]}}},
"contracts/PriceConvertor.sol":{"l":{"43":4,"46":4,"61":4,"62":4,"63":4},"path":"/root/practicefolder/hardhat-fund-me-2/contracts/PriceConvertor.sol","s":{"1":4,"2":4,"3":4,"4":4,"5":4},"b":{},"f":{"1":4,"2":4},"fnMap":{"1":{"name":"getTokenPrice","line":24,"loc":{"start":{"line":24,"column":4},"end":{"line":47,"column":4}}},"2":{"name":"getConversionRate","line":57,"loc":{"start":{"line":57,"column":4},"end":{"line":64,"column":4}}}},"statementMap":{"1":{"start":{"line":43,"column":8},"end":{"line":43,"column":60}},"2":{"start":{"line":46,"column":8},"end":{"line":46,"column":36}},"3":{"start":{"line":61,"column":8},"end":{"line":61,"column":51}},"4":{"start":{"line":62,"column":8},"end":{"line":62,"column":67}},"5":{"start":{"line":63,"column":8},"end":{"line":63,"column":34}}},"branchMap":{}},
"contracts/tests/MockV3Aggregator.sol":{"l":{},"path":"/root/practicefolder/hardhat-fund-me-2/contracts/tests/MockV3Aggregator.sol","s":{},"b":{},"f":{},"fnMap":{},"statementMap":{},"branchMap":{}}}
