TN:
SF:/root/practicefolder/hardhat-fund-me-2/contracts/FundMe.sol
FN:24,constructor
FN:43,onlyOwner
FN:49,fund
FN:61,withdraw
FNF:4
FNH:4
FNDA:3,constructor
FNDA:1,onlyOwner
FNDA:4,fund
FNDA:1,withdraw
DA:25,3
DA:26,3
DA:45,1
DA:46,1
DA:52,4
DA:57,3
DA:58,3
DA:62,1
DA:63,1
DA:67,1
DA:76,1
DA:79,1
LF:12
LH:12
BRDA:45,1,0,0
BRDA:45,1,1,1
BRDA:52,2,0,3
BRDA:52,2,1,1
BRDA:61,3,0,1
BRDA:61,3,1,0
BRDA:79,4,0,1
BRDA:79,4,1,0
BRF:8
BRH:5
end_of_record
TN:
SF:/root/practicefolder/hardhat-fund-me-2/contracts/PriceConvertor.sol
FN:24,getTokenPrice
FN:57,getConversionRate
FNF:2
FNH:2
FNDA:4,getTokenPrice
FNDA:4,getConversionRate
DA:43,4
DA:46,4
DA:61,4
DA:62,4
DA:63,4
LF:5
LH:5
BRF:0
BRH:0
end_of_record
TN:
SF:/root/practicefolder/hardhat-fund-me-2/contracts/tests/MockV3Aggregator.sol
FNF:0
FNH:0
LF:0
LH:0
BRF:0
BRH:0
end_of_record
